This is XeTeX, Version 3.1415926-2.3-0.9997.5 (MiKTeX 2.9) (preloaded format=xelatex 2017.7.24)  26 JUL 2017 20:00
entering extended mode
**Fast_SVM_Training_Using_Approximate_Extreme_Points.tex

(D:\20_同步文件\newPaper\fastSvm\Fast_SVM_Training_Using_Approximate_Extrem
e_Points.tex
LaTeX2e <2011/06/27>
Babel <v3.8m> and hyphenation patterns for loaded.
("C:\Program Files (x86)\CTEX\MiKTeX\tex\latex\base\article.cls"
Document Class: article 2007/10/19 v1.4h Standard LaTeX document class
("C:\Program Files (x86)\CTEX\MiKTeX\tex\latex\base\size10.clo"
File: size10.clo 2007/10/19 v1.4h Standard LaTeX file (size option)
)
\c@part=\count80
\c@section=\count81
\c@subsection=\count82
\c@subsubsection=\count83
\c@paragraph=\count84
\c@subparagraph=\count85
\c@figure=\count86
\c@table=\count87
\abovecaptionskip=\skip41
\belowcaptionskip=\skip42
\bibindent=\dimen102
)
(D:\20_同步文件\newPaper\fastSvm\jmlr2e.sty
Document Style `jmlr' -- January 2001.
("C:\Program Files (x86)\CTEX\MiKTeX\tex\latex\graphics\epsfig.sty"
Package: epsfig 1999/02/16 v1.7a (e)psfig emulation (SPQR)

("C:\Program Files (x86)\CTEX\MiKTeX\tex\latex\graphics\graphicx.sty"
Package: graphicx 1999/02/16 v1.0f Enhanced LaTeX Graphics (DPC,SPQR)

("C:\Program Files (x86)\CTEX\MiKTeX\tex\latex\graphics\keyval.sty"
Package: keyval 1999/03/16 v1.13 key=value parser (DPC)
\KV@toks@=\toks14
)
("C:\Program Files (x86)\CTEX\MiKTeX\tex\latex\graphics\graphics.sty"
Package: graphics 2009/02/05 v1.0o Standard LaTeX Graphics (DPC,SPQR)

("C:\Program Files (x86)\CTEX\MiKTeX\tex\latex\graphics\trig.sty"
Package: trig 1999/03/16 v1.09 sin cos tan (DPC)
)
("C:\Program Files (x86)\CTEX\MiKTeX\tex\latex\00miktex\graphics.cfg"
File: graphics.cfg 2007/01/18 v1.5 graphics configuration of teTeX/TeXLive
)
Package graphics Info: Driver file: xetex.def on input line 91.

("C:\Program Files (x86)\CTEX\MiKTeX\tex\xelatex\xetex-def\xetex.def"
File: xetex.def 2009/11/22 v0.94 LaTeX color/graphics driver for XeTeX (RRM/JK)

))
\Gin@req@height=\dimen103
\Gin@req@width=\dimen104
)
\epsfxsize=\dimen105
\epsfysize=\dimen106
)
("C:\Program Files (x86)\CTEX\MiKTeX\tex\latex\amsfonts\amssymb.sty"
Package: amssymb 2009/06/22 v3.00

("C:\Program Files (x86)\CTEX\MiKTeX\tex\latex\amsfonts\amsfonts.sty"
Package: amsfonts 2009/06/22 v3.00 Basic AMSFonts support
\@emptytoks=\toks15
\symAMSa=\mathgroup4
\symAMSb=\mathgroup5
LaTeX Font Info:    Overwriting math alphabet `\mathfrak' in version `bold'
(Font)                  U/euf/m/n --> U/euf/b/n on input line 96.
))
("C:\Program Files (x86)\CTEX\MiKTeX\tex\latex\natbib\natbib.sty"
Package: natbib 2010/09/13 8.31b (PWD, AO)
\bibhang=\skip43
\bibsep=\skip44
LaTeX Info: Redefining \cite on input line 694.
\c@NAT@ctr=\count88
)
\aftertitskip=\skip45
\beforetitskip=\skip46
\interauthorskip=\skip47
\aftermaketitskip=\skip48
\c@example=\count89
\c@theorem=\count90
)
("C:\Program Files (x86)\CTEX\MiKTeX\tex\latex\ams\math\amsmath.sty"
Package: amsmath 2000/07/18 v2.13 AMS math features
\@mathmargin=\skip49

For additional information on amsmath, use the `?' option.
("C:\Program Files (x86)\CTEX\MiKTeX\tex\latex\ams\math\amstext.sty"
Package: amstext 2000/06/29 v2.01

("C:\Program Files (x86)\CTEX\MiKTeX\tex\latex\ams\math\amsgen.sty"
File: amsgen.sty 1999/11/30 v2.0
\@emptytoks=\toks16
\ex@=\dimen107
))
("C:\Program Files (x86)\CTEX\MiKTeX\tex\latex\ams\math\amsbsy.sty"
Package: amsbsy 1999/11/29 v1.2d
\pmbraise@=\dimen108
)
("C:\Program Files (x86)\CTEX\MiKTeX\tex\latex\ams\math\amsopn.sty"
Package: amsopn 1999/12/14 v2.01 operator names
)
\inf@bad=\count91
LaTeX Info: Redefining \frac on input line 211.
\uproot@=\count92
\leftroot@=\count93
LaTeX Info: Redefining \overline on input line 307.
\classnum@=\count94
\DOTSCASE@=\count95
LaTeX Info: Redefining \ldots on input line 379.
LaTeX Info: Redefining \dots on input line 382.
LaTeX Info: Redefining \cdots on input line 467.
\Mathstrutbox@=\box26
\strutbox@=\box27
\big@size=\dimen109
LaTeX Font Info:    Redeclaring font encoding OML on input line 567.
LaTeX Font Info:    Redeclaring font encoding OMS on input line 568.
\macc@depth=\count96
\c@MaxMatrixCols=\count97
\dotsspace@=\muskip10
\c@parentequation=\count98
\dspbrk@lvl=\count99
\tag@help=\toks17
\row@=\count100
\column@=\count101
\maxfields@=\count102
\andhelp@=\toks18
\eqnshift@=\dimen110
\alignsep@=\dimen111
\tagshift@=\dimen112
\tagwidth@=\dimen113
\totwidth@=\dimen114
\lineht@=\dimen115
\@envbody=\toks19
\multlinegap=\skip50
\multlinetaggap=\skip51
\mathdisplay@stack=\toks20
LaTeX Info: Redefining \[ on input line 2666.
LaTeX Info: Redefining \] on input line 2667.
)
("C:\Program Files (x86)\CTEX\MiKTeX\tex\latex\tools\bm.sty"
Package: bm 2004/02/26 v1.1c Bold Symbol Support (DPC/FMi)
\symboldoperators=\mathgroup6
\symboldletters=\mathgroup7
\symboldsymbols=\mathgroup8
LaTeX Font Info:    Redeclaring math alphabet \mathbf on input line 138.
LaTeX Info: Redefining \bm on input line 204.
)
("C:\Program Files (x86)\CTEX\MiKTeX\tex\latex\setspace\setspace.sty"
Package: setspace 2011/12/19 v6.7a set line spacing
)
("C:\Program Files (x86)\CTEX\MiKTeX\tex\latex\algorithms\algorithm.sty"
Invalid UTF-8 byte or sequence at line 11 replaced by U+FFFD.
Package: algorithm 2009/08/24 v0.1 Document Style `algorithm' - floating enviro
nment

("C:\Program Files (x86)\CTEX\MiKTeX\tex\latex\float\float.sty"
Package: float 2001/11/08 v1.3d Float enhancements (AL)
\c@float@type=\count103
\float@exts=\toks21
\float@box=\box28
\@float@everytoks=\toks22
\@floatcapt=\box29
)
("C:\Program Files (x86)\CTEX\MiKTeX\tex\latex\base\ifthen.sty"
Package: ifthen 2001/05/26 v1.1c Standard LaTeX ifthen package (DPC)
)
\@float@every@algorithm=\toks23
\c@algorithm=\count104
)
("C:\Program Files (x86)\CTEX\MiKTeX\tex\latex\algorithms\algorithmic.sty"
Invalid UTF-8 byte or sequence at line 11 replaced by U+FFFD.
Package: algorithmic 2009/08/24 v0.1 Document Style `algorithmic'
\c@ALC@unique=\count105
\c@ALC@line=\count106
\c@ALC@rem=\count107
\c@ALC@depth=\count108
\ALC@tlm=\skip52
\algorithmicindent=\skip53
)
("C:\Program Files (x86)\CTEX\MiKTeX\tex\latex\multirow\multirow.sty"
\bigstrutjot=\dimen116
)
("C:\Program Files (x86)\CTEX\MiKTeX\tex\xelatex\xetexurl\url.sty"
\Urlmuskip=\muskip11
Package: url 2004/03/15  ver 3.1  Verb mode for urls, etc.
)
("C:\Program Files (x86)\CTEX\MiKTeX\tex\latex\tools\array.sty"
Package: array 2008/09/09 v2.4c Tabular extension package (FMi)
\col@sep=\dimen117
\extrarowheight=\dimen118
\NC@list=\toks24
\extratabsurround=\skip54
\backup@length=\skip55
)
("C:\Program Files (x86)\CTEX\MiKTeX\tex\latex\colortbl\colortbl.sty"
Package: colortbl 2001/02/13 v0.1j Color table columns (DPC)

("C:\Program Files (x86)\CTEX\MiKTeX\tex\latex\graphics\color.sty"
Package: color 2005/11/14 v1.0j Standard LaTeX Color (DPC)

("C:\Program Files (x86)\CTEX\MiKTeX\tex\latex\00miktex\color.cfg"
File: color.cfg 2007/01/18 v1.5 color configuration of teTeX/TeXLive
)
Package color Info: Driver file: xetex.def on input line 130.
)
\everycr=\toks25
\minrowclearance=\skip56
)
("C:\Program Files (x86)\CTEX\MiKTeX\tex\latex\oberdiek\epstopdf.sty"
Package: epstopdf 2010/02/09 v2.5 Conversion with epstopdf on the fly (HO)

("C:\Program Files (x86)\CTEX\MiKTeX\tex\latex\oberdiek\epstopdf-base.sty"
Package: epstopdf-base 2010/02/09 v2.5 Base part for package epstopdf

("C:\Program Files (x86)\CTEX\MiKTeX\tex\generic\oberdiek\infwarerr.sty"
Package: infwarerr 2010/04/08 v1.3 Providing info/warning/message (HO)
)
("C:\Program Files (x86)\CTEX\MiKTeX\tex\latex\oberdiek\grfext.sty"
Package: grfext 2010/08/19 v1.1 Managing graphics extensions (HO)

("C:\Program Files (x86)\CTEX\MiKTeX\tex\generic\oberdiek\kvdefinekeys.sty"
Package: kvdefinekeys 2011/04/07 v1.3 Defining keys (HO)

("C:\Program Files (x86)\CTEX\MiKTeX\tex\generic\oberdiek\ltxcmds.sty"
Package: ltxcmds 2011/04/18 v1.20 LaTeX kernel commands for general use (HO)
)))
("C:\Program Files (x86)\CTEX\MiKTeX\tex\latex\oberdiek\kvoptions.sty"
Package: kvoptions 2010/12/23 v3.10 Keyval support for LaTeX options (HO)

("C:\Program Files (x86)\CTEX\MiKTeX\tex\generic\oberdiek\kvsetkeys.sty"
Package: kvsetkeys 2011/04/07 v1.13 Key value parser (HO)

("C:\Program Files (x86)\CTEX\MiKTeX\tex\generic\oberdiek\etexcmds.sty"
Package: etexcmds 2011/02/16 v1.5 Prefix for e-TeX command names (HO)

("C:\Program Files (x86)\CTEX\MiKTeX\tex\generic\oberdiek\ifluatex.sty"
Package: ifluatex 2010/03/01 v1.3 Provides the ifluatex switch (HO)
Package ifluatex Info: LuaTeX not detected.
)
Package etexcmds Info: Could not find \expanded.
(etexcmds)             That can mean that you are not using pdfTeX 1.50 or
(etexcmds)             that some package has redefined \expanded.
(etexcmds)             In the latter case, load this package earlier.
)))
("C:\Program Files (x86)\CTEX\MiKTeX\tex\generic\oberdiek\pdftexcmds.sty"
Package: pdftexcmds 2011/04/22 v0.16 Utilities of pdfTeX for LuaTeX (HO)

("C:\Program Files (x86)\CTEX\MiKTeX\tex\generic\oberdiek\ifpdf.sty"
Package: ifpdf 2011/01/30 v2.3 Provides the ifpdf switch (HO)
Package ifpdf Info: pdfTeX in PDF mode is not detected.
)
Package pdftexcmds Info: LuaTeX not detected.
Package pdftexcmds Info: pdfTeX >= 1.30 not detected.
Package pdftexcmds Info: \pdf@primitive is available.
Package pdftexcmds Info: \pdf@ifprimitive is available.
Package pdftexcmds Info: \pdfdraftmode not found.
)

Package epstopdf Warning: Drivers other than `pdftex.def' are not supported.

))
No file Fast_SVM_Training_Using_Approximate_Extreme_Points.aux.
LaTeX Font Info:    Checking defaults for OML/cmm/m/it on input line 24.
LaTeX Font Info:    ... okay on input line 24.
LaTeX Font Info:    Checking defaults for T1/cmr/m/n on input line 24.
LaTeX Font Info:    ... okay on input line 24.
LaTeX Font Info:    Checking defaults for OT1/cmr/m/n on input line 24.
LaTeX Font Info:    ... okay on input line 24.
LaTeX Font Info:    Checking defaults for OMS/cmsy/m/n on input line 24.
LaTeX Font Info:    ... okay on input line 24.
LaTeX Font Info:    Checking defaults for OMX/cmex/m/n on input line 24.
LaTeX Font Info:    ... okay on input line 24.
LaTeX Font Info:    Checking defaults for U/cmr/m/n on input line 24.
LaTeX Font Info:    ... okay on input line 24.
Requested font "cmr12" at 14.4pt
 -> cmr12
Requested font "cmbx12" at 14.4pt
 -> cmbx12
Requested font "cmbx10" at 10.0pt
 -> cmbx10
Requested font "cmbx9" at 9.0pt
 -> cmbx9
Requested font "cmr9" at 9.0pt
 -> cmr9
Requested font "cmcsc10" at 9.0pt
 -> cmcsc10
Requested font "cmti9" at 9.0pt
 -> cmti9
Requested font "cmr12" at 12.0pt
 -> cmr12
Requested font "cmbx12" at 12.0pt
 -> cmbx12

Package natbib Warning: Citation `LIBSVM' on page 1 undefined on input line 51.



Package natbib Warning: Citation `Tsang05' on page 1 undefined on input line 51
.


Package natbib Warning: Citation `Tsang07' on page 1 undefined on input line 51
.


Package natbib Warning: Citation `Bordes05' on page 1 undefined on input line 5
1.

Requested font "cmr6" at 6.0pt
 -> cmr6
Requested font "cmmi9" at 9.0pt
 -> cmmi9
Requested font "cmmi6" at 6.0pt
 -> cmmi6
Requested font "cmsy9" at 9.0pt
 -> cmsy9
Requested font "cmsy6" at 6.0pt
 -> cmsy6
Requested font "cmex9" at 9.0pt
 -> cmex9
Requested font "cmex7" at 6.0pt
 -> cmex7
Requested font "cmex7" at 5.0pt
 -> cmex7
LaTeX Font Info:    Try loading font information for U+msa on input line 51.
("C:\Program Files (x86)\CTEX\MiKTeX\tex\latex\amsfonts\umsa.fd"
File: umsa.fd 2009/06/22 v3.00 AMS symbols A
)
Requested font "msam10" at 9.0pt
 -> msam10
Requested font "msam7" at 6.0pt
 -> msam7
Requested font "msam5" at 5.0pt
 -> msam5
LaTeX Font Info:    Try loading font information for U+msb on input line 51.

("C:\Program Files (x86)\CTEX\MiKTeX\tex\latex\amsfonts\umsb.fd"
File: umsb.fd 2009/06/22 v3.00 AMS symbols B
)
Requested font "msbm10" at 9.0pt
 -> msbm10
Requested font "msbm7" at 6.0pt
 -> msbm7
Requested font "msbm5" at 5.0pt
 -> msbm5
Requested font "cmbx6" at 6.0pt
 -> cmbx6
Requested font "cmbx5" at 5.0pt
 -> cmbx5
Requested font "cmmib9" at 9.0pt
 -> cmmib9
Requested font "cmmib6" at 6.0pt
 -> cmmib6
Requested font "cmmib5" at 5.0pt
 -> cmmib5
Requested font "cmbsy9" at 9.0pt
 -> cmbsy9
Requested font "cmbsy6" at 6.0pt
 -> cmbsy6
Requested font "cmbsy5" at 5.0pt
 -> cmbsy5


Package natbib Warning: Citation `Joachims09' on page 1 undefined on input line
 51.


Package natbib Warning: Citation `rahimi07' on page 1 undefined on input line 5
1.


Package natbib Warning: Citation `Fan08' on page 1 undefined on input line 60.


Package natbib Warning: Citation `Shwartz11' on page 1 undefined on input line 
60.


Package natbib Warning: Citation `Shalev08' on page 1 undefined on input line 6
0.


Package natbib Warning: Citation `Guo05' on page 1 undefined on input line 60.


Underfull \vbox (badness 10000) has occurred while \output is active []

 [1

]
Requested font "cmex7" at 7.0pt
 -> cmex7
Requested font "msam10" at 10.0pt
 -> msam10
Requested font "msam7" at 7.0pt
 -> msam7
Requested font "msbm10" at 10.0pt
 -> msbm10
Requested font "msbm7" at 7.0pt
 -> msbm7
Requested font "cmbx7" at 7.0pt
 -> cmbx7
Requested font "cmmib10" at 10.0pt
 -> cmmib10
Requested font "cmmib7" at 7.0pt
 -> cmmib7
Requested font "cmbsy10" at 10.0pt
 -> cmbsy10
Requested font "cmbsy7" at 7.0pt
 -> cmbsy7


Package natbib Warning: Citation `Teo10' on page 2 undefined on input line 62.


Package natbib Warning: Citation `Shwartz11' on page 2 undefined on input line 
62.

Requested font "cmti10" at 10.0pt
 -> cmti10
Requested font "cmti7" at 7.0pt
 -> cmti7
Requested font "cmti7" at 5.0pt
 -> cmti7

Package natbib Warning: Citation `Scholkopf00' on page 2 undefined on input lin
e 68.


Package natbib Warning: Citation `Franc08' on page 2 undefined on input line 68
.


Package natbib Warning: Citation `Joachims09' on page 2 undefined on input line
 68.


Package natbib Warning: Citation `Joachims06' on page 2 undefined on input line
 68.


LaTeX Warning: Reference `eq:SVC_primal2' on page 2 undefined on input line 68.



LaTeX Warning: Reference `eq:SVC_primal2' on page 2 undefined on input line 70.



LaTeX Warning: Reference `eq:betaDef' on page 2 undefined on input line 75.


LaTeX Warning: Reference `sec:prop' on page 2 undefined on input line 75.

LaTeX Font Info:    Try loading font information for OMS+cmr on input line 78.
("C:\Program Files (x86)\CTEX\MiKTeX\tex\latex\base\omscmr.fd"
File: omscmr.fd 1999/05/25 v2.5h Standard LaTeX font definitions
)
LaTeX Font Info:    Font shape `OMS/cmr/m/n' in size <10> not available
(Font)              Font shape `OMS/cmsy/m/n' tried instead on input line 78.


LaTeX Warning: Reference `eq:SVC_primal2' on page 2 undefined on input line 78.



LaTeX Warning: Reference `eq:AESVM_primal2' on page 2 undefined on input line 7
8.


LaTeX Warning: Reference `eq:AESVM_primal2' on page 2 undefined on input line 8
3.


LaTeX Warning: Reference `eq:SVC_primal2' on page 2 undefined on input line 83.



LaTeX Warning: Reference `sec:derRP' on page 2 undefined on input line 88.


Package natbib Warning: Citation `rahimi07' on page 2 undefined on input line 9
2.


Package natbib Warning: Citation `Talathi08' on page 2 undefined on input line 
92.


Package natbib Warning: Citation `Nandan10' on page 2 undefined on input line 9
2.

[2]

Package natbib Warning: Citation `Boyd04' on page 3 undefined on input line 97.



Package natbib Warning: Citation `Shwartz11' on page 3 undefined on input line 
97.


LaTeX Warning: Reference `sec:Disc' on page 3 undefined on input line 97.


Package natbib Warning: Citation `Boyd04' on page 3 undefined on input line 99.



Package natbib Warning: Citation `Scholkopf01' on page 3 undefined on input lin
e 104.


Package natbib Warning: Citation `Osuna97' on page 3 undefined on input line 10
6.


LaTeX Warning: Reference `eq:SVC_dual' on page 3 undefined on input line 106.


Package natbib Warning: Citation `Joachims99' on page 3 undefined on input line
 106.


Package natbib Warning: Citation `Platt99' on page 3 undefined on input line 10
6.


Package natbib Warning: Citation `Shalev08' on page 3 undefined on input line 1
06.


Package natbib Warning: Citation `Joachims99' on page 3 undefined on input line
 106.


Package natbib Warning: Citation `LIBSVM' on page 3 undefined on input line 106
.


Package natbib Warning: Citation `Hsieh08' on page 3 undefined on input line 10
6.


Package natbib Warning: Citation `Fan08' on page 3 undefined on input line 106.



Package natbib Warning: Citation `Fine02' on page 3 undefined on input line 108
.


Package natbib Warning: Citation `Drineas05' on page 3 undefined on input line 
108.


Package natbib Warning: Citation `Pavlov00' on page 3 undefined on input line 1
08.


Package natbib Warning: Citation `Yu03' on page 3 undefined on input line 108.


Package natbib Warning: Citation `Cervantes08' on page 3 undefined on input lin
e 108.


Package natbib Warning: Citation `Mangasarian01' on page 3 undefined on input l
ine 110.


Package natbib Warning: Citation `Bordes05' on page 3 undefined on input line 1
10.

[3]

Package natbib Warning: Citation `Clarkson10' on page 4 undefined on input line
 112.


LaTeX Warning: Reference `eq:SVC_dual' on page 4 undefined on input line 112.


Package natbib Warning: Citation `Tsang05' on page 4 undefined on input line 11
2.


Package natbib Warning: Citation `Tsang07' on page 4 undefined on input line 11
2.


Package natbib Warning: Citation `Gartner09' on page 4 undefined on input line 
112.


Package natbib Warning: Citation `Bennett00' on page 4 undefined on input line 
112.


Package natbib Warning: Citation `rahimi07' on page 4 undefined on input line 1
14.


Package natbib Warning: Citation `Zhang04' on page 4 undefined on input line 12
0.


Package natbib Warning: Citation `Shwartz11' on page 4 undefined on input line 
120.


Package natbib Warning: Citation `Kelley60' on page 4 undefined on input line 1
20.


Package natbib Warning: Citation `Joachims06' on page 4 undefined on input line
 120.


Package natbib Warning: Citation `Joachims09' on page 4 undefined on input line
 120.


Package natbib Warning: Citation `Scholkopf01' on page 4 undefined on input lin
e 120.


Package natbib Warning: Citation `Teo10' on page 4 undefined on input line 120.



LaTeX Warning: Reference `eq:SVC_primal2' on page 4 undefined on input line 124
.


Package natbib Warning: Citation `rockafellar' on page 4 undefined on input lin
e 128.

[4]
Requested font "cmr8" at 8.0pt
 -> cmr8
Requested font "cmbx8" at 8.0pt
 -> cmbx8


LaTeX Warning: Reference `sec:prop' on page 5 undefined on input line 153.

Requested font "cmmi8" at 8.0pt
 -> cmmi8
Requested font "cmsy8" at 8.0pt
 -> cmsy8
Requested font "cmex8" at 8.0pt
 -> cmex8
Requested font "cmti8" at 8.0pt
 -> cmti8
Requested font "cmti7" at 6.0pt
 -> cmti7
Requested font "msam10" at 8.0pt
 -> msam10
Requested font "msbm10" at 8.0pt
 -> msbm10
Requested font "cmmib8" at 8.0pt
 -> cmmib8
Requested font "cmbsy8" at 8.0pt
 -> cmbsy8

LaTeX Warning: Reference `eq:AEX' on page 5 undefined on input line 163.


LaTeX Warning: Reference `eq:AEX' on page 5 undefined on input line 167.


LaTeX Warning: Reference `eq:AEX' on page 5 undefined on input line 167.


LaTeX Warning: Reference `eq:RKHS_AE' on page 5 undefined on input line 167.


LaTeX Warning: Reference `eq:AESVM_primal2' on page 5 undefined on input line 1
71.

[5]

LaTeX Warning: Reference `eq:F3_primal' on page 6 undefined on input line 184.


LaTeX Warning: Reference `eq:SVC_primal2' on page 6 undefined on input line 184
.


LaTeX Warning: Reference `eq:AESVM_primal2' on page 6 undefined on input line 1
84.


LaTeX Warning: Reference `eq:F3_primal' on page 6 undefined on input line 184.


LaTeX Warning: Reference `eq:F3_primal' on page 6 undefined on input line 193.


LaTeX Warning: Reference `eq:AESVM_primal2' on page 6 undefined on input line 1
93.


LaTeX Warning: Reference `eq:AEX' on page 6 undefined on input line 199.


LaTeX Warning: Reference `eq:RPyProp' on page 6 undefined on input line 199.


LaTeX Warning: Reference `eq:maxA' on page 6 undefined on input line 205.


LaTeX Warning: Reference `eq:maxC' on page 6 undefined on input line 205.

[6]
Underfull \hbox (badness 10000) in paragraph at lines 214--216

 []


LaTeX Warning: Reference `eq:SVC_primal2' on page 7 undefined on input line 221
.


LaTeX Warning: Reference `eq:F3_primal' on page 7 undefined on input line 221.


LaTeX Warning: Reference `eq:RKHS_AE' on page 7 undefined on input line 225.


LaTeX Warning: Reference `eq:RKHS_AE' on page 7 undefined on input line 225.


LaTeX Warning: Reference `eq:SVC_primal2' on page 7 undefined on input line 229
.


LaTeX Warning: Reference `eq:RKHS_AE' on page 7 undefined on input line 229.


LaTeX Warning: Reference `eq:SVC_primal2' on page 7 undefined on input line 229
.


LaTeX Warning: Reference `eq:AEX' on page 7 undefined on input line 234.


LaTeX Warning: Reference `eq:RPyProp' on page 7 undefined on input line 234.


LaTeX Warning: Reference `eq:maxA' on page 7 undefined on input line 238.


LaTeX Warning: Reference `eq:T1E1' on page 7 undefined on input line 238.


LaTeX Warning: Reference `eq:maxB' on page 7 undefined on input line 243.


LaTeX Warning: Reference `eq:T1E1' on page 7 undefined on input line 243.


Underfull \hbox (badness 10000) in paragraph at lines 255--257

 []

[7]

LaTeX Warning: Reference `eq:SVC_primal2' on page 8 undefined on input line 261
.


LaTeX Warning: Reference `eq:AESVM_primal2' on page 8 undefined on input line 2
61.


Package natbib Warning: Citation `Shwartz11' on page 8 undefined on input line 
267.


LaTeX Warning: Reference `eq:tauNorm' on page 8 undefined on input line 267.


LaTeX Warning: Reference `eq:SVC_primal2' on page 8 undefined on input line 272
.


Underfull \hbox (badness 10000) in paragraph at lines 276--278

 []

[8]

LaTeX Warning: Reference `eq:F3_dual' on page 9 undefined on input line 299.


LaTeX Warning: Reference `eq:AESVM_dual' on page 9 undefined on input line 299.



LaTeX Warning: Reference `eq:AESVM_dual' on page 9 undefined on input line 299.



LaTeX Warning: Reference `eq:SVC_primal2' on page 9 undefined on input line 302
.


LaTeX Warning: Reference `eq:AESVM_primal2' on page 9 undefined on input line 3
02.


LaTeX Warning: Reference `eq:hfunc' on page 9 undefined on input line 302.


LaTeX Warning: Reference `eq:F3_dual' on page 9 undefined on input line 302.


LaTeX Warning: Reference `eq:F3_primal' on page 9 undefined on input line 308.


LaTeX Warning: Reference `eq:F3_dual' on page 9 undefined on input line 308.


LaTeX Warning: Reference `eq:cor2e1' on page 9 undefined on input line 325.


LaTeX Warning: Reference `eq:cor2e2' on page 9 undefined on input line 325.


LaTeX Warning: Reference `eq:cor4e1' on page 9 undefined on input line 329.


LaTeX Warning: Reference `eq:cor2' on page 9 undefined on input line 330.

[9]
Underfull \hbox (badness 10000) in paragraph at lines 335--337

 []


LaTeX Warning: Reference `sec:otherDual' on page 10 undefined on input line 338
.


LaTeX Warning: Reference `eq:SVC_dual' on page 10 undefined on input line 341.


LaTeX Warning: Reference `eq:F3_dual' on page 10 undefined on input line 341.


LaTeX Warning: Reference `eq:AESVM_primal2' on page 10 undefined on input line 
341.


LaTeX Warning: Reference `eq:Zdef' on page 10 undefined on input line 341.


LaTeX Warning: Reference `eq:RKHS_AE' on page 10 undefined on input line 341.


LaTeX Warning: Reference `eq:F3_primal' on page 10 undefined on input line 341.



LaTeX Warning: Reference `eq:F3_dual' on page 10 undefined on input line 364.


LaTeX Warning: Reference `eq:SVC_dual' on page 10 undefined on input line 364.


LaTeX Warning: Reference `eq:RKHS_AE' on page 10 undefined on input line 366.


LaTeX Warning: Reference `eq:tauNorm' on page 10 undefined on input line 366.


LaTeX Warning: Reference `eq:F3_dual' on page 10 undefined on input line 373.

[10]
Underfull \hbox (badness 10000) in paragraph at lines 376--379

 []


LaTeX Warning: Reference `sec:RPdef' on page 11 undefined on input line 383.


Package natbib Warning: Citation `OSUNA02' on page 11 undefined on input line 3
83.


Package natbib Warning: Citation `OSUNA02' on page 11 undefined on input line 3
83.


Underfull \hbox (badness 10000) in paragraph at lines 388--389

 []

Requested font "cmbxti10" at 10.0pt
 -> cmbxti10

LaTeX Warning: `h' float specifier changed to `ht'.


Package natbib Warning: Citation `Blum73' on page 11 undefined on input line 40
8.


Underfull \hbox (badness 10000) in paragraph at lines 408--409

 []

[11]
Underfull \hbox (badness 10000) in paragraph at lines 427--428

 []

[12]

Package natbib Warning: Citation `Tax04' on page 13 undefined on input line 455
.


LaTeX Warning: `h' float specifier changed to `ht'.


LaTeX Warning: Reference `eq:AEX' on page 13 undefined on input line 481.


Underfull \vbox (badness 3482) has occurred while \output is active []

 [13]

LaTeX Warning: Reference `eq:SVC_dual' on page 14 undefined on input line 483.


LaTeX Warning: Reference `sec:exp' on page 14 undefined on input line 483.

[14]

Package natbib Warning: Citation `Fan05' on page 15 undefined on input line 507
.

Requested font "cmtt8" at 8.0pt
 -> cmtt8

Package natbib Warning: Citation `Tavallaee09' on page 15 undefined on input li
ne 513.


Package natbib Warning: Citation `Kaluza10' on page 15 undefined on input line 
515.

[15]

Package natbib Warning: Citation `Nandan10' on page 16 undefined on input line 
517.


Package natbib Warning: Citation `Collobert02' on page 16 undefined on input li
ne 519.


Package natbib Warning: Citation `Chang01' on page 16 undefined on input line 5
21.


Package natbib Warning: Citation `Platt99' on page 16 undefined on input line 5
23.


Package natbib Warning: Citation `Yuan11' on page 16 undefined on input line 52
5.


Package natbib Warning: Citation `Lecun98' on page 16 undefined on input line 5
27.


Package natbib Warning: Citation `Platt99' on page 16 undefined on input line 5
29.


LaTeX Warning: Reference `sec:derRP' on page 16 undefined on input line 534.


LaTeX Warning: Reference `fig:resFLS' on page 16 undefined on input line 534.

[16]
File: FLSexp.pdf Graphic file (type QTm)
 <use  "FLSexp.pdf" >

LaTeX Warning: Reference `tb:RP2' on page 17 undefined on input line 544.


Overfull \hbox (34.0924pt too wide) in paragraph at lines 544--545
\OT1/cmr/m/n/10 mance of De-riveR-S. Al-l com-bi-na-tion-s of $\OML/cmm/m/it/10
 P \OT1/cmr/m/n/10 = \OMS/cmsy/m/n/10 f\OT1/cmr/m/n/10 10[]\OML/cmm/m/it/10 ; \
OT1/cmr/m/n/10 5[]10[]\OML/cmm/m/it/10 ; \OT1/cmr/m/n/10 10[]\OML/cmm/m/it/10 ;
 \OT1/cmr/m/n/10 2[]10[]\OMS/cmsy/m/n/10 g$ \OT1/cmr/m/n/10 and $\OML/cmm/m/it/
10 V \OT1/cmr/m/n/10 = \OMS/cmsy/m/n/10 f\OT1/cmr/m/n/10 10[]\OML/cmm/m/it/10 ;
 \OT1/cmr/m/n/10 5[]10[]\OML/cmm/m/it/10 ; \OT1/cmr/m/n/10 10[]\OML/cmm/m/it/10
 ; \OT1/cmr/m/n/10 2[]10[]\OML/cmm/m/it/10 ; \OT1/cmr/m/n/10 3[]10[]\OMS/cmsy/m
/n/10 g$
 []

[17]

LaTeX Warning: Reference `sec:compAE' on page 18 undefined on input line 561.


LaTeX Warning: Reference `tb:RP1' on page 18 undefined on input line 563.


LaTeX Warning: Reference `tb:RP1' on page 18 undefined on input line 563.


Overfull \hbox (3.66435pt too wide) in paragraph at lines 570--570
[]|[]| 
 []


Overfull \hbox (0.722pt too wide) in paragraph at lines 573--573
[]|\OT1/cmr/m/n/10 13.9(103)| 
 []


Overfull \hbox (3.66435pt too wide) in paragraph at lines 575--575
[]|[]| 
 []


Overfull \hbox (0.722pt too wide) in paragraph at lines 578--578
[]|\OT1/cmr/m/n/10 13.5(135)| 
 []


Overfull \hbox (0.722pt too wide) in paragraph at lines 578--578
[]|\OT1/cmr/m/n/10 18.3(211)| 
 []


Overfull \hbox (0.722pt too wide) in paragraph at lines 578--578
[]|\OT1/cmr/m/n/10 34.2(400)| 
 []


Overfull \hbox (3.66435pt too wide) in paragraph at lines 580--580
[]|[]| 
 []


Overfull \hbox (0.722pt too wide) in paragraph at lines 580--580
[]|\OT1/cmr/m/n/10 15.7(726)| 
 []


Overfull \hbox (0.722pt too wide) in paragraph at lines 583--583
[]|\OT1/cmr/m/n/10 30.7(607)| 
 []


Overfull \hbox (0.722pt too wide) in paragraph at lines 583--583
[]|\OT1/cmr/m/n/10 39.5(814)| 
 []


LaTeX Warning: `!h' float specifier changed to `!ht'.


LaTeX Warning: Reference `tb:RP4' on page 18 undefined on input line 591.


LaTeX Warning: Reference `tb:RP4' on page 18 undefined on input line 591.


Overfull \hbox (0.722pt too wide) in paragraph at lines 600--600
[]|\OT1/cmr/m/n/10 94.7(818)| 
 []


LaTeX Warning: `!h' float specifier changed to `!ht'.


LaTeX Warning: Reference `sec:relWork' on page 18 undefined on input line 612.


Package natbib Warning: Citation `Shwartz11' on page 18 undefined on input line
 612.

[18]
Underfull \vbox (badness 1708) has occurred while \output is active []

 [19]
Requested font "cmcsc10" at 10.0pt
 -> cmcsc10


LaTeX Warning: Reference `fig:paRes1' on page 20 undefined on input line 619.


LaTeX Warning: Reference `fig:paRes2' on page 20 undefined on input line 619.


LaTeX Warning: Reference `fig:paRes1' on page 20 undefined on input line 619.


LaTeX Warning: Reference `fig:paRes2' on page 20 undefined on input line 619.


LaTeX Warning: Reference `fig:paRes1' on page 20 undefined on input line 619.


LaTeX Warning: Reference `fig:paRes2' on page 20 undefined on input line 619.


LaTeX Warning: Reference `tb:RP1' on page 20 undefined on input line 619.


LaTeX Warning: Reference `tb:RP4' on page 20 undefined on input line 619.

File: TvsAccpA.pdf Graphic file (type QTm)
<use  "TvsAccpA.pdf" >
Overfull \hbox (5.78253pt too wide) in paragraph at lines 624--625
 [][] 
 []

File: SVvsAccpA.pdf Graphic file (type QTm)
<use  "SVvsAccpA.pdf" >
Overfull \hbox (5.78253pt too wide) in paragraph at lines 630--631
 [][] 
 []


LaTeX Warning: `!h' float specifier changed to `!ht'.


LaTeX Warning: Reference `fig:paRes1' on page 20 undefined on input line 634.


LaTeX Warning: Reference `fig:paRes2' on page 20 undefined on input line 634.

[20] [21]
Underfull \hbox (badness 10000) in paragraph at lines 670--670
[]|\OT1/cmr/m/n/10 AESVM
 []


Underfull \hbox (badness 10000) in paragraph at lines 670--670
[]|\OT1/cmr/m/n/10 AESVM
 []


Underfull \hbox (badness 10000) in paragraph at lines 670--670
[]|\OT1/cmr/m/n/10 AESVM
 []


LaTeX Warning: `!h' float specifier changed to `!ht'.


LaTeX Warning: Reference `tb:testing1' on page 22 undefined on input line 702.


LaTeX Warning: Reference `tb:testing1' on page 22 undefined on input line 706.


LaTeX Warning: Reference `tb:testing2' on page 22 undefined on input line 706.


Underfull \hbox (badness 10000) in paragraph at lines 711--711
[]|\OT1/cmr/m/n/10 AESVM
 []


Underfull \hbox (badness 10000) in paragraph at lines 711--711
[]|\OT1/cmr/m/n/10 AESVM
 []


Underfull \hbox (badness 10000) in paragraph at lines 711--711
[]|\OT1/cmr/m/n/10 AESVM
 []


Overfull \hbox (9.38904pt too wide) in paragraph at lines 712--712
[]|[]| 
 []


Overfull \hbox (9.38904pt too wide) in paragraph at lines 717--717
[]|[]| 
 []


LaTeX Warning: `!h' float specifier changed to `!ht'.


LaTeX Warning: Reference `sec:derRS' on page 22 undefined on input line 728.


LaTeX Warning: Reference `tb:testing3' on page 22 undefined on input line 728.


LaTeX Warning: Reference `tb:testing4' on page 22 undefined on input line 728.


LaTeX Warning: Reference `tb:testing1' on page 22 undefined on input line 728.


LaTeX Warning: Reference `tb:testing4' on page 22 undefined on input line 728.


LaTeX Warning: Reference `tb:testing2' on page 22 undefined on input line 728.

[22]

LaTeX Warning: Text page 23 contains only floats.


Overfull \vbox (3.12949pt too high) has occurred while \output is active []


[23]
Underfull \hbox (badness 10000) in paragraph at lines 733--733
[]|\OT1/cmr/m/n/10 AESVM
 []


Underfull \hbox (badness 10000) in paragraph at lines 763--763
[]|\OT1/cmr/m/n/10 AESVM
 []


Overfull \hbox (9.38904pt too wide) in paragraph at lines 764--764
[]|[]| 
 []


Overfull \hbox (9.38904pt too wide) in paragraph at lines 768--768
[]|[]| 
 []

[24]
Requested font "cmcsc10" at 7.0pt
 -> cmcsc10
Requested font "cmcsc10" at 5.0pt
 -> cmcsc10


Package natbib Warning: Citation `Joachims09' on page 25 undefined on input lin
e 779.


LaTeX Warning: Reference `tb:testing5' on page 25 undefined on input line 779.


LaTeX Warning: Reference `tb:testing5' on page 25 undefined on input line 779.


Underfull \hbox (badness 10000) in paragraph at lines 784--784
[]|$\OML/cmm/m/it/10 RMSE$
 []


Underfull \hbox (badness 3364) in paragraph at lines 784--784
[]|\OT1/cmr/m/n/10 mean Ac-c.
 []


Overfull \hbox (19.91684pt too wide) in paragraph at lines 785--785
[]|[]| 
 []


Overfull \hbox (19.91684pt too wide) in paragraph at lines 788--788
[]|[]| 
 []


Overfull \hbox (19.91684pt too wide) in paragraph at lines 791--791
[]|[]| 
 []


Overfull \hbox (19.91684pt too wide) in paragraph at lines 794--794
[]|[]| 
 []


Overfull \hbox (19.91684pt too wide) in paragraph at lines 797--797
[]|[]| 
 []


Overfull \hbox (19.91684pt too wide) in paragraph at lines 800--800
[]|[]| 
 []


Package natbib Warning: Citation `rahimi07' on page 25 undefined on input line 
814.


Package natbib Warning: Citation `rahimi07' on page 25 undefined on input line 
814.


LaTeX Warning: Reference `tb:testing6' on page 25 undefined on input line 814.


LaTeX Warning: Reference `tb:testing6' on page 25 undefined on input line 814.

[25]
Underfull \hbox (badness 10000) in paragraph at lines 819--819
[]|$\OML/cmm/m/it/10 RMSE$
 []


Underfull \hbox (badness 3364) in paragraph at lines 819--819
[]|\OT1/cmr/m/n/10 mean Ac-c.
 []


Underfull \hbox (badness 10000) in paragraph at lines 819--819
[]|\OT1/cmr/m/n/10 Original
 []


Overfull \hbox (19.91684pt too wide) in paragraph at lines 820--820
[]|[]| 
 []


Underfull \hbox (badness 10000) in paragraph at lines 821--821
[]|\OT1/cmr/m/n/10 RfeatSVM
 []


Overfull \hbox (19.91684pt too wide) in paragraph at lines 823--823
[]|[]| 
 []


Underfull \hbox (badness 10000) in paragraph at lines 824--824
[]|\OT1/cmr/m/n/10 RfeatSVM
 []


Overfull \hbox (19.91684pt too wide) in paragraph at lines 826--826
[]|[]| 
 []


Underfull \hbox (badness 10000) in paragraph at lines 827--827
[]|\OT1/cmr/m/n/10 RfeatSVM
 []


Overfull \hbox (19.91684pt too wide) in paragraph at lines 829--829
[]|[]| 
 []


Underfull \hbox (badness 10000) in paragraph at lines 830--830
[]|\OT1/cmr/m/n/10 RfeatSVM
 []


Package natbib Warning: Citation `rahimi07' on page 26 undefined on input line 
838.


LaTeX Warning: Reference `tb:testing7' on page 26 undefined on input line 842.


LaTeX Warning: Reference `tb:testing8' on page 26 undefined on input line 842.

[26]
Underfull \hbox (badness 10000) in paragraph at lines 861--861
[]|$\OML/cmm/m/it/10 RMSE$
 []


Underfull \hbox (badness 3364) in paragraph at lines 861--861
[]|\OT1/cmr/m/n/10 mean Ac-c.
 []


Overfull \hbox (19.91684pt too wide) in paragraph at lines 862--862
[]|[]| 
 []


Overfull \hbox (19.91684pt too wide) in paragraph at lines 864--864
[]|[]| 
 []


Overfull \hbox (19.91684pt too wide) in paragraph at lines 866--866
[]|[]| 
 []

File: summaryRMSE.pdf Graphic file (type QTm)
<use  "summaryRMSE.pdf" >

LaTeX Warning: `!h' float specifier changed to `!ht'.

File: summaryMaxAcc.pdf Graphic file (type QTm)
<use  "summaryMaxAcc.pdf" >

LaTeX Warning: `!h' float specifier changed to `!ht'.

File: summaryOTS.pdf Graphic file (type QTm)
<use  "summaryOTS.pdf" >

LaTeX Warning: `!h' float specifier changed to `!ht'.

File: summaryOCS.pdf Graphic file (type QTm)
<use  "summaryOCS.pdf" >

LaTeX Warning: `!h' float specifier changed to `!ht'.


LaTeX Warning: Reference `sec:relWork' on page 27 undefined on input line 900.


LaTeX Warning: Reference `sec:relWork' on page 27 undefined on input line 900.


Package natbib Warning: Citation `Gartner09' on page 27 undefined on input line
 900.


LaTeX Warning: Reference `sec:exp' on page 27 undefined on input line 903.


LaTeX Warning: Reference `fig:resSummary1' on page 27 undefined on input line 9
03.


LaTeX Warning: Reference `fig:resSummary4' on page 27 undefined on input line 9
03.


LaTeX Warning: Reference `fig:resSummary1' on page 27 undefined on input line 9
03.


LaTeX Warning: Reference `fig:resSummary2' on page 27 undefined on input line 9
03.


LaTeX Warning: Reference `sec:expRfeatSVM' on page 27 undefined on input line 9
03.


LaTeX Warning: Reference `sec:polyExp' on page 27 undefined on input line 903.

[27]

LaTeX Warning: Text page 28 contains only floats.

[28]

LaTeX Warning: Text page 29 contains only floats.

[29]

Package natbib Warning: Citation `Beygelzimer06' on page 30 undefined on input 
line 905.


Package natbib Warning: Citation `Beygelzimer06' on page 30 undefined on input 
line 905.


LaTeX Warning: Reference `sec:prop' on page 30 undefined on input line 907.


LaTeX Warning: Reference `sec:relWork' on page 30 undefined on input line 907.

[30]
Requested font "cmitt10" at 10.0pt
 -> cmitt10
 [31] [32]

Package natbib Warning: There were undefined citations.

[33]
(D:\20_同步文件\newPaper\fastSvm\Fast_SVM_Training_Using_Approximate_Extrem
e_Points.aux

Package natbib Warning: Citation(s) may have changed.
(natbib)                Rerun to get citations correct.

)

LaTeX Warning: There were undefined references.


LaTeX Warning: Label(s) may have changed. Rerun to get cross-references right.

 ) 
Here is how much of TeX's memory you used:
 3157 strings out of 430478
 38415 string characters out of 3191002
 124777 words of memory out of 3000000
 6195 multiletter control sequences out of 15000+200000
 20710 words of font info for 75 fonts, out of 3000000 for 9000
 14 hyphenation exceptions out of 8191
 42i,16n,26p,1705b,384s stack positions out of 5000i,500n,10000p,200000b,50000s

Output written on Fast_SVM_Training_Using_Approximate_Extreme_Points.pdf (33 pa
ges).
